Building DAG of jobs...
Using shell: /usr/bin/bash
Provided cores: 8
Rules claiming more threads will be scaled down.
Singularity containers: ignored
Job stats:
job               count
--------------  -------
DLBCLone_model        1
all                   1
total                 2

Select jobs to execute...

[Wed Dec  3 07:20:56 2025]
rule DLBCLone_model:
    input: data/metadata.tsv, data/mutation_matrix.tsv
    output: data/opt_model/opt_model.rds, data/opt_model/opt_umap.uwot
    jobid: 1
    reason: Missing output files: data/opt_model/opt_umap.uwot, data/opt_model/opt_model.rds
    resources: tmpdir=/tmp

[Wed Dec  3 07:36:59 2025]
Finished job 1.
1 of 2 steps (50%) done
Select jobs to execute...

[Wed Dec  3 07:36:59 2025]
localrule all:
    input: data/opt_model/opt_model.rds, data/opt_model/opt_umap.uwot
    jobid: 0
    reason: Input files updated by another job: data/opt_model/opt_umap.uwot, data/opt_model/opt_model.rds
    resources: tmpdir=/tmp

[Wed Dec  3 07:36:59 2025]
Finished job 0.
2 of 2 steps (100%) done
Complete log: .snakemake/log/2025-12-03T072056.338447.snakemake.log
