Building DAG of jobs...
Using shell: /usr/bin/bash
Provided cores: 8
Rules claiming more threads will be scaled down.
Singularity containers: ignored
Job stats:
job                     count
--------------------  -------
Build_DLBCLone_model        1
all                         1
total                       2

Select jobs to execute...

[Sat Dec  6 08:49:03 2025]
rule Build_DLBCLone_model:
    input: data/all_full_status.tsv, data/dlbcl_meta_with_dlbclass.tsv
    output: data/opt_model/opt_model.rds, data/opt_model/opt_umap.uwot
    jobid: 1
    reason: Missing output files: data/opt_model/opt_model.rds, data/opt_model/opt_umap.uwot; Set of input files has changed since last execution; Code has changed since last execution; Params have changed since last execution
    resources: tmpdir=/tmp

[Sat Dec  6 09:09:00 2025]
Finished job 1.
1 of 2 steps (50%) done
Select jobs to execute...

[Sat Dec  6 09:09:00 2025]
localrule all:
    input: data/opt_model/opt_model.rds, data/opt_model/opt_umap.uwot
    jobid: 0
    reason: Input files updated by another job: data/opt_model/opt_model.rds, data/opt_model/opt_umap.uwot
    resources: tmpdir=/tmp

[Sat Dec  6 09:09:00 2025]
Finished job 0.
2 of 2 steps (100%) done
Complete log: .snakemake/log/2025-12-06T084903.106514.snakemake.log
