Building DAG of jobs...
Using shell: /usr/bin/bash
Provided cores: 8
Rules claiming more threads will be scaled down.
Singularity containers: ignored
Job stats:
job                          count
-------------------------  -------
all                              1
assemble_genetic_features        1
total                            2

Select jobs to execute...

[Thu Dec  4 00:44:25 2025]
rule assemble_genetic_features:
    output: data/test_mutation_matrix.tsv
    jobid: 1
    reason: Missing output files: data/test_mutation_matrix.tsv
    resources: tmpdir=/tmp

[Thu Dec  4 00:44:46 2025]
Error in rule assemble_genetic_features:
    jobid: 1
    output: data/test_mutation_matrix.tsv

RuleException:
CalledProcessError in file /mnt/work/DLBCLone_Pipeline/Modules/DLBCLone/DLBCLone.smk, line 33:
Command 'set -euo pipefail;  Rscript --vanilla /mnt/work/DLBCLone_Pipeline/Modules/DLBCLone/.snakemake/scripts/tmphgz1_wnv.assemble_genetic_features.R' returned non-zero exit status 1.
  File "/mnt/work/DLBCLone_Pipeline/Modules/DLBCLone/DLBCLone.smk", line 33, in __rule_assemble_genetic_features
  File "/usr/lib/python3.8/concurrent/futures/thread.py", line 57, in run
Shutting down, this might take some time.
Exiting because a job execution failed. Look above for error message
Complete log: .snakemake/log/2025-12-04T004425.424531.snakemake.log
