Building DAG of jobs...
Using shell: /usr/bin/bash
Provided cores: 8
Rules claiming more threads will be scaled down.
Singularity containers: ignored
Job stats:
job                 count
----------------  -------
all                     1
prepare_metadata        1
total                   2

Select jobs to execute...

[Tue Dec  2 07:54:07 2025]
rule prepare_metadata:
    output: data/metadata.tsv, data/mutation_matrix.tsv
    jobid: 1
    reason: Missing output files: data/mutation_matrix.tsv, data/metadata.tsv
    resources: tmpdir=/tmp

[Tue Dec  2 07:54:08 2025]
Error in rule prepare_metadata:
    jobid: 1
    output: data/metadata.tsv, data/mutation_matrix.tsv

RuleException:
CalledProcessError in file /mnt/work/DLBCLone_Pipeline/Modules/DLBCLone/DLBCLone.smk, line 22:
Command 'set -euo pipefail;  Rscript --vanilla /mnt/work/DLBCLone_Pipeline/Modules/DLBCLone/.snakemake/scripts/tmp9pd_ghw6.metadata.R' returned non-zero exit status 1.
  File "/mnt/work/DLBCLone_Pipeline/Modules/DLBCLone/DLBCLone.smk", line 22, in __rule_prepare_metadata
  File "/usr/lib/python3.8/concurrent/futures/thread.py", line 57, in run
Shutting down, this might take some time.
Exiting because a job execution failed. Look above for error message
Complete log: .snakemake/log/2025-12-02T075407.367401.snakemake.log
