Building DAG of jobs...
Using shell: /usr/bin/bash
Provided cores: 8
Rules claiming more threads will be scaled down.
Singularity containers: ignored
Job stats:
job                     count
--------------------  -------
Build_DLBCLone_model        1
all                         1
total                       2

Select jobs to execute...

[Sat Dec  6 05:10:43 2025]
rule Build_DLBCLone_model:
    input: data/all_full_status.tsv, data/dlbcl_meta_with_dlbclass.tsv
    output: data/opt_model.rds, data/opt_model.uwot
    jobid: 1
    reason: Missing output files: data/opt_model.rds, data/opt_model.uwot
    resources: tmpdir=/tmp

RuleException in rule Build_DLBCLone_model in file /mnt/work/DLBCLone_Pipeline/Modules/DLBCLone/DLBCLone.smk, line 35:
NameError: The name 'str(output' is unknown in this context. Please make sure that you defined that variable. Also note that braces not used for variable access have to be escaped by repeating them, i.e. {{print $1}}, when formatting the following:

        Rscript Rscript/DLBCLone_model.R             --metadata {input.training_metadata}             --training_matrix {input.training_matrix}             --opt_model_path {str(output.opt_model_rds_path)[:-4]}             --model_name_prefix {BDM[model_name_prefix]}
        
