Building DAG of jobs...
Using shell: /usr/bin/bash
Provided cores: 8
Rules claiming more threads will be scaled down.
Singularity containers: ignored
Job stats:
job                        count
-----------------------  -------
all                            1
test_meta_maf_formatter        1
total                          2

Select jobs to execute...

[Mon Dec  8 06:30:45 2025]
rule test_meta_maf_formatter:
    input: data/LySeqST_only_unaugmented_vaf.lymphgen_calls.no_cnvs.with_sv.no_A53.tsv, data/LySeqST_merged_unaugmented_vaf.maf
    output: data/test_metadata_formatted.tsv, data/test_maf_formatted.maf
    jobid: 1
    reason: Missing output files: data/test_maf_formatted.maf, data/test_metadata_formatted.tsv; Code has changed since last execution; Params have changed since last execution
    resources: tmpdir=/tmp

[Mon Dec  8 06:30:47 2025]
Error in rule test_meta_maf_formatter:
    jobid: 1
    input: data/LySeqST_only_unaugmented_vaf.lymphgen_calls.no_cnvs.with_sv.no_A53.tsv, data/LySeqST_merged_unaugmented_vaf.maf
    output: data/test_metadata_formatted.tsv, data/test_maf_formatted.maf
    shell:
        
        Rscript Rscript/test_meta_maf_formatter.R             --metadata data/LySeqST_only_unaugmented_vaf.lymphgen_calls.no_cnvs.with_sv.no_A53.tsv             --maf data/LySeqST_merged_unaugmented_vaf.maf             --output_meta_dir data/test_metadata_formatted.tsv             --output_maf_dir data/test_maf_formatted.maf             --maf_sample_id_colname Tumor_Sample_Barcode             --metadata_sample_id_colname Sample.Name             --sv_from_metadata BCL2.Translocation BCL6.Translocation             --translocation_status 'list(POS="yes",NEG="no",NA_STATUS="Not Available")'             --truth_column lymphgen             --truth_column_colname Subtype.Prediction
        
        (one of the commands exited with non-zero exit code; note that snakemake uses bash strict mode!)

Shutting down, this might take some time.
Exiting because a job execution failed. Look above for error message
Complete log: .snakemake/log/2025-12-08T063044.763419.snakemake.log
