Building DAG of jobs...
Using shell: /usr/bin/bash
Provided cores: 8
Rules claiming more threads will be scaled down.
Singularity containers: ignored
Job stats:
job                     count
--------------------  -------
Build_DLBCLone_model        1
all                         1
total                       2

Select jobs to execute...

[Sat Dec  6 08:07:09 2025]
rule Build_DLBCLone_model:
    input: data/all_full_status.tsv, data/dlbcl_meta_with_dlbclass.tsv
    output: data/opt_model/opt.rds, data/opt_model/opt.uwot
    jobid: 1
    reason: Missing output files: data/opt_model/opt.rds, data/opt_model/opt.uwot
    resources: tmpdir=/tmp

Waiting at most 5 seconds for missing files.
MissingOutputException in rule Build_DLBCLone_model in file /mnt/work/DLBCLone_Pipeline/Modules/DLBCLone/DLBCLone.smk, line 56:
Job 1  completed successfully, but some output files are missing. Missing files after 5 seconds. This might be due to filesystem latency. If that is the case, consider to increase the wait time with --latency-wait:
data/opt_model/opt.rds
data/opt_model/opt.uwot
Shutting down, this might take some time.
Exiting because a job execution failed. Look above for error message
Complete log: .snakemake/log/2025-12-06T080708.739206.snakemake.log
