Building DAG of jobs...
Using shell: /usr/bin/bash
Provided cores: 8
Rules claiming more threads will be scaled down.
Singularity containers: ignored
Job stats:
job                 count
----------------  -------
DLBCLone_predict        1
all                     1
total                   2

Select jobs to execute...

[Wed Dec  3 23:09:14 2025]
rule DLBCLone_predict:
    output: data/DLBCLone_predictions.tsv
    jobid: 1
    reason: Missing output files: data/DLBCLone_predictions.tsv
    resources: tmpdir=/tmp

[Wed Dec  3 23:19:49 2025]
Finished job 1.
1 of 2 steps (50%) done
Select jobs to execute...

[Wed Dec  3 23:19:49 2025]
localrule all:
    input: data/DLBCLone_predictions.tsv
    jobid: 0
    reason: Input files updated by another job: data/DLBCLone_predictions.tsv
    resources: tmpdir=/tmp

[Wed Dec  3 23:19:49 2025]
Finished job 0.
2 of 2 steps (100%) done
Complete log: .snakemake/log/2025-12-03T230914.449432.snakemake.log
