Building DAG of jobs...
Using shell: /usr/bin/bash
Provided cores: 8
Rules claiming more threads will be scaled down.
Singularity containers: ignored
Job stats:
job                 count
----------------  -------
DLBCLone_predict        1
all                     1
total                   2

Select jobs to execute...

[Thu Dec  4 18:10:28 2025]
rule DLBCLone_predict:
    input: data/test_mutation_matrix.tsv, data/opt_model
    output: data/opt_test_DLBCLone_predictions.tsv
    jobid: 1
    reason: Missing output files: data/opt_test_DLBCLone_predictions.tsv
    resources: tmpdir=/tmp

[Thu Dec  4 18:10:39 2025]
Error in rule DLBCLone_predict:
    jobid: 1
    input: data/test_mutation_matrix.tsv, data/opt_model
    output: data/opt_test_DLBCLone_predictions.tsv
    shell:
        
        Rscript Rscript/DLBCLone_predict.R             --test_features data/test_mutation_matrix.tsv             --output_dir data/opt_test_DLBCLone_predictions.tsv             --model_path data/opt_model             --model_prefix opt             --fill_missing True 
        
        (one of the commands exited with non-zero exit code; note that snakemake uses bash strict mode!)

Shutting down, this might take some time.
Exiting because a job execution failed. Look above for error message
Complete log: .snakemake/log/2025-12-04T181027.661424.snakemake.log
