Building DAG of jobs...
Using shell: /usr/bin/bash
Provided cores: 8
Rules claiming more threads will be scaled down.
Singularity containers: ignored
Job stats:
job                 count
----------------  -------
all                     1
dlbclone_predict        1
total                   2

Select jobs to execute...

[Thu Dec  4 09:16:10 2025]
rule dlbclone_predict:
    input: data/test_mutation_matrix.tsv, data/opt_model
    output: data/opt_test_DLBCLone_predictions.tsv
    jobid: 1
    reason: Missing output files: data/opt_test_DLBCLone_predictions.tsv
    resources: tmpdir=/tmp

[Thu Dec  4 09:28:10 2025]
Error in rule dlbclone_predict:
    jobid: 1
    input: data/test_mutation_matrix.tsv, data/opt_model
    output: data/opt_test_DLBCLone_predictions.tsv
    shell:
        
        Rscript Rscript/DLBCLone_predict.R             --test_features data/test_mutation_matrix.tsv             --output_dir data             --model_path data/opt_model             --model_prefix opt
        
        (one of the commands exited with non-zero exit code; note that snakemake uses bash strict mode!)

Shutting down, this might take some time.
Exiting because a job execution failed. Look above for error message
Complete log: .snakemake/log/2025-12-04T091610.236339.snakemake.log
