Building DAG of jobs...
Using shell: /usr/bin/bash
Provided cores: 8
Rules claiming more threads will be scaled down.
Singularity containers: ignored
Job stats:
job                          count
-------------------------  -------
all                              1
assemble_genetic_features        1
dlbclone_predict                 1
total                            3

Select jobs to execute...

[Thu Dec  4 07:59:41 2025]
rule assemble_genetic_features:
    output: data/test_mutation_matrix.tsv
    jobid: 2
    reason: Missing output files: data/test_mutation_matrix.tsv
    resources: tmpdir=/tmp

[Thu Dec  4 08:00:03 2025]
Finished job 2.
1 of 3 steps (33%) done
Select jobs to execute...

[Thu Dec  4 08:00:03 2025]
rule dlbclone_predict:
    input: data/test_mutation_matrix.tsv, data/opt_model
    output: data/opt_model_test_DLBCLone_predictions.tsv
    jobid: 1
    reason: Missing output files: data/opt_model_test_DLBCLone_predictions.tsv; Input files updated by another job: data/test_mutation_matrix.tsv
    resources: tmpdir=/tmp

[Thu Dec  4 08:00:03 2025]
Error in rule dlbclone_predict:
    jobid: 1
    input: data/test_mutation_matrix.tsv, data/opt_model
    output: data/opt_model_test_DLBCLone_predictions.tsv
    shell:
        
        Rscript dlbclone_predict.R             --test_features data/test_mutation_matrix.tsv             --output_dir data/opt_model_test_DLBCLone_predictions.tsv             --model_path data/opt_model             --model_prefix --model_prefix opt_model
        
        (one of the commands exited with non-zero exit code; note that snakemake uses bash strict mode!)

Shutting down, this might take some time.
Exiting because a job execution failed. Look above for error message
Complete log: .snakemake/log/2025-12-04T075941.018934.snakemake.log
