Building DAG of jobs...
Using shell: /usr/bin/bash
Provided cores: 8
Rules claiming more threads will be scaled down.
Singularity containers: ignored
Job stats:
job                          count
-------------------------  -------
all                              1
assemble_genetic_features        1
total                            2

Select jobs to execute...

[Mon Dec  8 06:13:48 2025]
rule assemble_genetic_features:
    input: data/test_metadata_formatted.tsv, data/test_maf_formatted.maf
    output: data/test_mutation_matrix.tsv
    jobid: 1
    reason: Missing output files: data/test_mutation_matrix.tsv
    resources: tmpdir=/tmp

[Mon Dec  8 06:14:11 2025]
Error in rule assemble_genetic_features:
    jobid: 1
    input: data/test_metadata_formatted.tsv, data/test_maf_formatted.maf
    output: data/test_mutation_matrix.tsv
    shell:
        
        Rscript Rscript/assemble_genetic_features.R             --form_metadata data/test_metadata_formatted.tsv             --form_maf data/test_maf_formatted.maf             --output_matrix_dir data/test_mutation_matrix.tsv             --sv_from_metadata 'list(BCL2="BCL2.Translocation",BCL6="BCL6.Translocation")'         
        (one of the commands exited with non-zero exit code; note that snakemake uses bash strict mode!)

Shutting down, this might take some time.
Exiting because a job execution failed. Look above for error message
Complete log: .snakemake/log/2025-12-08T061347.353410.snakemake.log
