Building DAG of jobs...
Using shell: /usr/bin/bash
Provided cores: 8
Rules claiming more threads will be scaled down.
Singularity containers: ignored
Job stats:
job                 count
----------------  -------
DLBCLone_predict        1
all                     1
total                   2

Select jobs to execute...

[Thu Dec  4 18:13:28 2025]
rule DLBCLone_predict:
    input: data/test_mutation_matrix.tsv, data/opt_model
    output: data/opt_test_DLBCLone_predictions.tsv
    jobid: 1
    reason: Missing output files: data/opt_test_DLBCLone_predictions.tsv
    resources: tmpdir=/tmp

[Thu Dec  4 18:28:21 2025]
Finished job 1.
1 of 2 steps (50%) done
Select jobs to execute...

[Thu Dec  4 18:28:21 2025]
localrule all:
    input: data/opt_test_DLBCLone_predictions.tsv
    jobid: 0
    reason: Input files updated by another job: data/opt_test_DLBCLone_predictions.tsv
    resources: tmpdir=/tmp

[Thu Dec  4 18:28:21 2025]
Finished job 0.
2 of 2 steps (100%) done
Complete log: .snakemake/log/2025-12-04T181327.445010.snakemake.log
