Building DAG of jobs...
Using shell: /usr/bin/bash
Provided cores: 8
Rules claiming more threads will be scaled down.
Singularity containers: ignored
Job stats:
job                     count
--------------------  -------
Build_DLBCLone_model        1
all                         1
total                       2

Select jobs to execute...

[Sat Dec  6 05:08:21 2025]
rule Build_DLBCLone_model:
    input: data/all_full_status.tsv, data/dlbcl_meta_with_dlbclass.tsv
    output: data/opt_model.rds, data/opt_model.uwot
    jobid: 1
    reason: Missing output files: data/opt_model.uwot, data/opt_model.rds
    resources: tmpdir=/tmp

RuleException in rule Build_DLBCLone_model in file /mnt/work/DLBCLone_Pipeline/Modules/DLBCLone/DLBCLone.smk, line 17:
AttributeError: '_IOFile' object has no attribute 'replace('', when formatting the following:

        Rscript Rscript/DLBCLone_model.R             --metadata {input.training_metadata}             --training_matrix {input.training_matrix}             --opt_model_path {output.opt_model_rds_path.replace('.rds','')}             --model_name_prefix {BDM[model_name_prefix]}
        
