Building DAG of jobs...
Using shell: /usr/bin/bash
Provided cores: 8
Rules claiming more threads will be scaled down.
Singularity containers: ignored
Job stats:
job                        count
-----------------------  -------
all                            1
test_meta_maf_formatter        1
total                          2

Select jobs to execute...

[Mon Dec  8 06:12:43 2025]
rule test_meta_maf_formatter:
    input: data/LySeqST_only_unaugmented_vaf.lymphgen_calls.no_cnvs.with_sv.no_A53.tsv, data/LySeqST_merged_unaugmented_vaf.maf
    output: data/test_metadata_formatted.tsv, data/test_maf_formatted.maf
    jobid: 1
    reason: Missing output files: data/test_metadata_formatted.tsv, data/test_maf_formatted.maf
    resources: tmpdir=/tmp

[Mon Dec  8 06:12:48 2025]
Finished job 1.
1 of 2 steps (50%) done
Select jobs to execute...

[Mon Dec  8 06:12:48 2025]
localrule all:
    input: data/test_metadata_formatted.tsv, data/test_maf_formatted.maf
    jobid: 0
    reason: Input files updated by another job: data/test_maf_formatted.maf, data/test_metadata_formatted.tsv
    resources: tmpdir=/tmp

[Mon Dec  8 06:12:48 2025]
Finished job 0.
2 of 2 steps (100%) done
Complete log: .snakemake/log/2025-12-08T061242.869837.snakemake.log
