Building DAG of jobs...
Using shell: /usr/bin/bash
Provided cores: 8
Rules claiming more threads will be scaled down.
Singularity containers: ignored
Job stats:
job                 count
----------------  -------
all                     1
prepare_metadata        1
total                   2

Select jobs to execute...

[Tue Dec  2 21:36:11 2025]
rule prepare_metadata:
    output: data/metadata.tsv, data/mutation_matrix.tsv
    jobid: 1
    reason: Missing output files: data/mutation_matrix.tsv, data/metadata.tsv
    resources: tmpdir=/tmp

[Tue Dec  2 21:36:18 2025]
Finished job 1.
1 of 2 steps (50%) done
Select jobs to execute...

[Tue Dec  2 21:36:18 2025]
localrule all:
    input: data/metadata.tsv, data/mutation_matrix.tsv
    jobid: 0
    reason: Input files updated by another job: data/mutation_matrix.tsv, data/metadata.tsv
    resources: tmpdir=/tmp

[Tue Dec  2 21:36:18 2025]
Finished job 0.
2 of 2 steps (100%) done
Complete log: .snakemake/log/2025-12-02T213611.335917.snakemake.log
