Building DAG of jobs...
Using shell: /usr/bin/bash
Provided cores: 8
Rules claiming more threads will be scaled down.
Singularity containers: ignored
Job stats:
job                          count
-------------------------  -------
all                              1
assemble_genetic_features        1
total                            2

Select jobs to execute...

[Mon Dec  8 06:38:18 2025]
rule assemble_genetic_features:
    input: data/test_metadata_formatted.tsv, data/test_maf_formatted.maf
    output: data/test_mutation_matrix.tsv
    jobid: 1
    reason: Missing output files: data/test_mutation_matrix.tsv
    resources: tmpdir=/tmp

[Mon Dec  8 06:38:41 2025]
Finished job 1.
1 of 2 steps (50%) done
Removing temporary output data/test_metadata_formatted.tsv.
Removing temporary output data/test_maf_formatted.maf.
Select jobs to execute...

[Mon Dec  8 06:38:41 2025]
localrule all:
    input: data/test_mutation_matrix.tsv
    jobid: 0
    reason: Input files updated by another job: data/test_mutation_matrix.tsv
    resources: tmpdir=/tmp

[Mon Dec  8 06:38:41 2025]
Finished job 0.
2 of 2 steps (100%) done
Complete log: .snakemake/log/2025-12-08T063818.304069.snakemake.log
