Building DAG of jobs...
Using shell: /usr/bin/bash
Provided cores: 8
Rules claiming more threads will be scaled down.
Singularity containers: ignored
Job stats:
job               count
--------------  -------
DLBCLone_model        1
all                   1
total                 2

Select jobs to execute...

[Wed Dec  3 03:25:32 2025]
rule DLBCLone_model:
    input: data/metadata.tsv, data/mutation_matrix.tsv
    output: data/opt_model/opt_model.rds, data/opt_model/opt_umap.uwot
    jobid: 1
    reason: Missing output files: data/opt_model/opt_model.rds, data/opt_model/opt_umap.uwot
    resources: tmpdir=/tmp

[Wed Dec  3 03:25:42 2025]
Error in rule DLBCLone_model:
    jobid: 1
    input: data/metadata.tsv, data/mutation_matrix.tsv
    output: data/opt_model/opt_model.rds, data/opt_model/opt_umap.uwot

RuleException:
CalledProcessError in file /mnt/work/DLBCLone_Pipeline/Modules/DLBCLone/DLBCLone.smk, line 48:
Command 'set -euo pipefail;  Rscript --vanilla /mnt/work/DLBCLone_Pipeline/Modules/DLBCLone/.snakemake/scripts/tmpvq69zrkk.DLBCLone_model.R' returned non-zero exit status 1.
  File "/mnt/work/DLBCLone_Pipeline/Modules/DLBCLone/DLBCLone.smk", line 48, in __rule_DLBCLone_model
  File "/usr/lib/python3.8/concurrent/futures/thread.py", line 57, in run
Shutting down, this might take some time.
Exiting because a job execution failed. Look above for error message
Complete log: .snakemake/log/2025-12-03T032532.336348.snakemake.log
